2025-04-16 00:25:36.892473 - Received CBT.V508.FILE809.PDS from FILE809.XMI 
2025-04-16 00:25:36.893393 - Found $$$#DATE.txt (text/plain) in CBT.V508.FILE809.PDS, moved to PDS/$$$#DATE
2025-04-16 00:25:36.893702 - Found $$NOTE1.txt (text/plain) in CBT.V508.FILE809.PDS, moved to PDS/$$NOTE1
2025-04-16 00:25:36.893751 - Found @FILE809.txt (text/plain) in CBT.V508.FILE809.PDS, moved to PDS/@FILE809
2025-04-16 00:25:36.894044 - Found ISPPLIB.xmi (application/xmit) in CBT.V508.FILE809.PDS, moved to PDS/ISPPLIB.xmi
2025-04-16 00:25:36.963971 - Received RLRICE.DITTO.ISPPLIB from ISPPLIB.xmi 
2025-04-16 00:25:36.964898 - Found DITTDD.txt (text/plain) in RLRICE.DITTO.ISPPLIB, moved to ISPPLIB/DITTDD
2025-04-16 00:25:36.965073 - Found DITTDDD.txt (text/plain) in RLRICE.DITTO.ISPPLIB, moved to ISPPLIB/DITTDDD
2025-04-16 00:25:36.965264 - Found DITTDDDV.txt (text/plain) in RLRICE.DITTO.ISPPLIB, moved to ISPPLIB/DITTDDDV
2025-04-16 00:25:36.965413 - Found DITTDP.txt (text/plain) in RLRICE.DITTO.ISPPLIB, moved to ISPPLIB/DITTDP
2025-04-16 00:25:36.965558 - Found DITTDPD.txt (text/plain) in RLRICE.DITTO.ISPPLIB, moved to ISPPLIB/DITTDPD
2025-04-16 00:25:36.965703 - Found DITTDPDV.txt (text/plain) in RLRICE.DITTO.ISPPLIB, moved to ISPPLIB/DITTDPDV
2025-04-16 00:25:36.965851 - Found DITTMENU.txt (text/plain) in RLRICE.DITTO.ISPPLIB, moved to ISPPLIB/DITTMENU
2025-04-16 00:25:36.966193 - Found DITTTD.txt (text/plain) in RLRICE.DITTO.ISPPLIB, moved to ISPPLIB/DITTTD
2025-04-16 00:25:36.966484 - Found DITTTDD.txt (text/plain) in RLRICE.DITTO.ISPPLIB, moved to ISPPLIB/DITTTDD
2025-04-16 00:25:36.966759 - Found DITTTDDV.txt (text/plain) in RLRICE.DITTO.ISPPLIB, moved to ISPPLIB/DITTTDDV
2025-04-16 00:25:36.967043 - Found DITTTMAP.txt (text/plain) in RLRICE.DITTO.ISPPLIB, moved to ISPPLIB/DITTTMAP
2025-04-16 00:25:36.967329 - Found DITTTP.txt (text/plain) in RLRICE.DITTO.ISPPLIB, moved to ISPPLIB/DITTTP
2025-04-16 00:25:36.967615 - Found DITTTPD.txt (text/plain) in RLRICE.DITTO.ISPPLIB, moved to ISPPLIB/DITTTPD
2025-04-16 00:25:36.967888 - Found DITTTPDV.txt (text/plain) in RLRICE.DITTO.ISPPLIB, moved to ISPPLIB/DITTTPDV
2025-04-16 00:25:36.968180 - Found DITTVTOC.txt (text/plain) in RLRICE.DITTO.ISPPLIB, moved to ISPPLIB/DITTVTOC
2025-04-16 00:25:36.969331 - Found MACLIB.xmi (application/xmit) in CBT.V508.FILE809.PDS, moved to PDS/MACLIB.xmi
2025-04-16 00:25:37.102584 - Received RLRICE.DITTO.MACLIB from MACLIB.xmi 
2025-04-16 00:25:37.103758 - Found ABCODES.txt (text/plain) in RLRICE.DITTO.MACLIB, moved to MACLIB/ABCODES
2025-04-16 00:25:37.104264 - Found BITFLAG.txt (text/plain) in RLRICE.DITTO.MACLIB, moved to MACLIB/BITFLAG
2025-04-16 00:25:37.104585 - Found DAIRBLOK.txt (text/plain) in RLRICE.DITTO.MACLIB, moved to MACLIB/DAIRBLOK
2025-04-16 00:25:37.105192 - Found DITTCOMM.txt (text/plain) in RLRICE.DITTO.MACLIB, moved to MACLIB/DITTCOMM
2025-04-16 00:25:37.105533 - Found DITTFUNC.txt (text/plain) in RLRICE.DITTO.MACLIB, moved to MACLIB/DITTFUNC
2025-04-16 00:25:37.105837 - Found DITTPRFX.txt (text/plain) in RLRICE.DITTO.MACLIB, moved to MACLIB/DITTPRFX
2025-04-16 00:25:37.106176 - Found DITTRACE.txt (text/plain) in RLRICE.DITTO.MACLIB, moved to MACLIB/DITTRACE
2025-04-16 00:25:37.106505 - Found DITTTLBL.txt (text/plain) in RLRICE.DITTO.MACLIB, moved to MACLIB/DITTTLBL
2025-04-16 00:25:37.106831 - Found DYNBLOK.txt (text/plain) in RLRICE.DITTO.MACLIB, moved to MACLIB/DYNBLOK
2025-04-16 00:25:37.107150 - Found EXCPBLOK.txt (text/plain) in RLRICE.DITTO.MACLIB, moved to MACLIB/EXCPBLOK
2025-04-16 00:25:37.107473 - Found FUNCBLOK.txt (text/plain) in RLRICE.DITTO.MACLIB, moved to MACLIB/FUNCBLOK
2025-04-16 00:25:37.107780 - Found KEYWD.txt (text/plain) in RLRICE.DITTO.MACLIB, moved to MACLIB/KEYWD
2025-04-16 00:25:37.108009 - Found PARM.txt (text/plain) in RLRICE.DITTO.MACLIB, moved to MACLIB/PARM
2025-04-16 00:25:37.108319 - Found PARMBLOK.txt (text/plain) in RLRICE.DITTO.MACLIB, moved to MACLIB/PARMBLOK
2025-04-16 00:25:37.108634 - Found PARMGEN.txt (text/plain) in RLRICE.DITTO.MACLIB, moved to MACLIB/PARMGEN
2025-04-16 00:25:37.108929 - Found PARMID.txt (text/plain) in RLRICE.DITTO.MACLIB, moved to MACLIB/PARMID
2025-04-16 00:25:37.109255 - Found PRTBLOK.txt (text/plain) in RLRICE.DITTO.MACLIB, moved to MACLIB/PRTBLOK
2025-04-16 00:25:37.109571 - Found REGEQU.txt (text/plain) in RLRICE.DITTO.MACLIB, moved to MACLIB/REGEQU
2025-04-16 00:25:37.109869 - Found STATMSG.txt (text/plain) in RLRICE.DITTO.MACLIB, moved to MACLIB/STATMSG
2025-04-16 00:25:37.110166 - Found VDEF.txt (text/plain) in RLRICE.DITTO.MACLIB, moved to MACLIB/VDEF
2025-04-16 00:25:37.112954 - Found SOURCE.xmi (application/xmit) in CBT.V508.FILE809.PDS, moved to PDS/SOURCE.xmi
2025-04-16 00:25:37.495501 - Received RLRICE.DITTO.SOURCE from SOURCE.xmi 
2025-04-16 00:25:37.497517 - Found $$$DOC.txt (text/plain) in RLRICE.DITTO.SOURCE, moved to SOURCE/$$$DOC
2025-04-16 00:25:37.497855 - Found $$$DOC2.txt (text/plain) in RLRICE.DITTO.SOURCE, moved to SOURCE/$$$DOC2
2025-04-16 00:25:37.498159 - Found $$$DOC3.txt (text/plain) in RLRICE.DITTO.SOURCE, moved to SOURCE/$$$DOC3
2025-04-16 00:25:37.498344 - Found $$$DOC4.txt (text/plain) in RLRICE.DITTO.SOURCE, moved to SOURCE/$$$DOC4
2025-04-16 00:25:37.498535 - Found ASMJCL.jcl (text/plain) in RLRICE.DITTO.SOURCE, moved to SOURCE/ASMJCL
2025-04-16 00:25:37.498752 - Found DITTALOC.txt (text/plain) in RLRICE.DITTO.SOURCE, moved to SOURCE/DITTALOC
2025-04-16 00:25:37.498916 - Found DITTATTN.txt (text/plain) in RLRICE.DITTO.SOURCE, moved to SOURCE/DITTATTN
2025-04-16 00:25:37.499073 - Found DITTAUTH.txt (text/plain) in RLRICE.DITTO.SOURCE, moved to SOURCE/DITTAUTH
2025-04-16 00:25:37.499418 - Found DITTCARD.txt (text/plain) in RLRICE.DITTO.SOURCE, moved to SOURCE/DITTCARD
2025-04-16 00:25:37.499737 - Found DITTCDI1.txt (text/plain) in RLRICE.DITTO.SOURCE, moved to SOURCE/DITTCDI1
2025-04-16 00:25:37.500045 - Found DITTCDO1.txt (text/plain) in RLRICE.DITTO.SOURCE, moved to SOURCE/DITTCDO1
2025-04-16 00:25:37.500625 - Found DITTCMD.txt (text/plain) in RLRICE.DITTO.SOURCE, moved to SOURCE/DITTCMD
2025-04-16 00:25:37.500792 - Found DITTCOMM.txt (text/plain) in RLRICE.DITTO.SOURCE, moved to SOURCE/DITTCOMM
2025-04-16 00:25:37.501165 - Found DITTCONS.txt (text/plain) in RLRICE.DITTO.SOURCE, moved to SOURCE/DITTCONS
2025-04-16 00:25:37.501641 - Found DITTDAIR.txt (text/plain) in RLRICE.DITTO.SOURCE, moved to SOURCE/DITTDAIR
2025-04-16 00:25:37.502095 - Found DITTDAI1.txt (text/plain) in RLRICE.DITTO.SOURCE, moved to SOURCE/DITTDAI1
2025-04-16 00:25:37.502661 - Found DITTEXCP.txt (text/plain) in RLRICE.DITTO.SOURCE, moved to SOURCE/DITTEXCP
2025-04-16 00:25:37.503010 - Found DITTINIT.txt (text/plain) in RLRICE.DITTO.SOURCE, moved to SOURCE/DITTINIT
2025-04-16 00:25:37.503342 - Found DITTINQ.txt (text/plain) in RLRICE.DITTO.SOURCE, moved to SOURCE/DITTINQ
2025-04-16 00:25:37.503668 - Found DITTMAIN.txt (text/plain) in RLRICE.DITTO.SOURCE, moved to SOURCE/DITTMAIN
2025-04-16 00:25:37.504024 - Found DITTPARM.txt (text/plain) in RLRICE.DITTO.SOURCE, moved to SOURCE/DITTPARM
2025-04-16 00:25:37.504186 - Found DITTPRMD.txt (text/plain) in RLRICE.DITTO.SOURCE, moved to SOURCE/DITTPRMD
2025-04-16 00:25:37.504340 - Found DITTPRMO.txt (text/plain) in RLRICE.DITTO.SOURCE, moved to SOURCE/DITTPRMO
2025-04-16 00:25:37.504509 - Found DITTPRMV.txt (text/plain) in RLRICE.DITTO.SOURCE, moved to SOURCE/DITTPRMV
2025-04-16 00:25:37.504815 - Found DITTPRO1.txt (text/plain) in RLRICE.DITTO.SOURCE, moved to SOURCE/DITTPRO1
2025-04-16 00:25:37.505135 - Found DITTPRT.txt (text/plain) in RLRICE.DITTO.SOURCE, moved to SOURCE/DITTPRT
2025-04-16 00:25:37.505740 - Found DITTSTAE.txt (text/plain) in RLRICE.DITTO.SOURCE, moved to SOURCE/DITTSTAE
2025-04-16 00:25:37.506040 - Found DITTTINT.txt (text/plain) in RLRICE.DITTO.SOURCE, moved to SOURCE/DITTTINT
2025-04-16 00:25:37.506581 - Found DITTTMAP.txt (text/plain) in RLRICE.DITTO.SOURCE, moved to SOURCE/DITTTMAP
2025-04-16 00:25:37.506904 - Found DITTTPI1.txt (text/plain) in RLRICE.DITTO.SOURCE, moved to SOURCE/DITTTPI1
2025-04-16 00:25:37.507059 - Found DITTTPI2.txt (text/plain) in RLRICE.DITTO.SOURCE, moved to SOURCE/DITTTPI2
2025-04-16 00:25:37.507247 - Found DITTTPI3.txt (text/plain) in RLRICE.DITTO.SOURCE, moved to SOURCE/DITTTPI3
2025-04-16 00:25:37.507413 - Found DITTTPI4.txt (text/plain) in RLRICE.DITTO.SOURCE, moved to SOURCE/DITTTPI4
2025-04-16 00:25:37.507720 - Found DITTTPO1.txt (text/plain) in RLRICE.DITTO.SOURCE, moved to SOURCE/DITTTPO1
2025-04-16 00:25:37.507884 - Found DITTTPO2.txt (text/plain) in RLRICE.DITTO.SOURCE, moved to SOURCE/DITTTPO2
2025-04-16 00:25:37.508039 - Found DITTTPO3.txt (text/plain) in RLRICE.DITTO.SOURCE, moved to SOURCE/DITTTPO3
2025-04-16 00:25:37.508248 - Found DITTTPO4.txt (text/plain) in RLRICE.DITTO.SOURCE, moved to SOURCE/DITTTPO4
2025-04-16 00:25:37.508825 - Found DITTTSOM.txt (text/plain) in RLRICE.DITTO.SOURCE, moved to SOURCE/DITTTSOM
2025-04-16 00:25:37.509389 - Found DITTTSO1.txt (text/plain) in RLRICE.DITTO.SOURCE, moved to SOURCE/DITTTSO1
2025-04-16 00:25:37.509952 - Found DITTTSO2.txt (text/plain) in RLRICE.DITTO.SOURCE, moved to SOURCE/DITTTSO2
2025-04-16 00:25:37.510123 - Found DITTTSO3.txt (text/plain) in RLRICE.DITTO.SOURCE, moved to SOURCE/DITTTSO3
2025-04-16 00:25:37.510440 - Found DITTVTOC.txt (text/plain) in RLRICE.DITTO.SOURCE, moved to SOURCE/DITTVTOC
2025-04-16 00:25:37.510614 - Found DITTXXXX.txt (text/plain) in RLRICE.DITTO.SOURCE, moved to SOURCE/DITTXXXX
2025-04-16 00:25:37.510772 - Found JCL.jcl (text/plain) in RLRICE.DITTO.SOURCE, moved to SOURCE/JCL
2025-04-16 00:25:37.510929 - Found PROC.txt (text/plain) in RLRICE.DITTO.SOURCE, moved to SOURCE/PROC
2025-04-16 00:25:37.511073 - Found TSODITTO.txt (text/plain) in RLRICE.DITTO.SOURCE, moved to SOURCE/TSODITTO
